<?xml version="1.0" encoding="UTF-8"?>
<coverage generated="1749530537711" clover="3.2.0">
  <project timestamp="1749530537711" name="All files">
    <metrics statements="30" coveredstatements="29" conditionals="21" coveredconditionals="21" methods="16" coveredmethods="15" elements="67" coveredelements="65" complexity="0" loc="30" ncloc="30" packages="7" files="7" classes="7"/>
    <package name="About">
      <metrics statements="1" coveredstatements="1" conditionals="0" coveredconditionals="0" methods="1" coveredmethods="1"/>
      <file name="About.jsx" path="C:\Users\dhanu\OneDrive\Desktop\NEXADEW\Nexadew-Landing-Page\nexadew\src\components\About\About.jsx">
        <metrics statements="1" coveredstatements="1" conditionals="0" coveredconditionals="0" methods="1" coveredmethods="1"/>
        <line num="5" count="2" type="stmt"/>
      </file>
    </package>
    <package name="Button">
      <metrics statements="1" coveredstatements="1" conditionals="9" coveredconditionals="9" methods="1" coveredmethods="1"/>
      <file name="Button.jsx" path="C:\Users\dhanu\OneDrive\Desktop\NEXADEW\Nexadew-Landing-Page\nexadew\src\components\Button\Button.jsx">
        <metrics statements="1" coveredstatements="1" conditionals="9" coveredconditionals="9" methods="1" coveredmethods="1"/>
        <line num="15" count="30" type="stmt"/>
      </file>
    </package>
    <package name="Card">
      <metrics statements="8" coveredstatements="8" conditionals="6" coveredconditionals="6" methods="1" coveredmethods="1"/>
      <file name="Card.jsx" path="C:\Users\dhanu\OneDrive\Desktop\NEXADEW\Nexadew-Landing-Page\nexadew\src\components\Card\Card.jsx">
        <metrics statements="8" coveredstatements="8" conditionals="6" coveredconditionals="6" methods="1" coveredmethods="1"/>
        <line num="4" count="12" type="stmt"/>
        <line num="6" count="12" type="cond" truecount="2" falsecount="0"/>
        <line num="7" count="3" type="stmt"/>
        <line num="14" count="9" type="cond" truecount="2" falsecount="0"/>
        <line num="15" count="7" type="stmt"/>
        <line num="26" count="2" type="cond" truecount="2" falsecount="0"/>
        <line num="27" count="1" type="stmt"/>
        <line num="47" count="1" type="stmt"/>
      </file>
    </package>
    <package name="Home">
      <metrics statements="3" coveredstatements="3" conditionals="0" coveredconditionals="0" methods="3" coveredmethods="3"/>
      <file name="Home.jsx" path="C:\Users\dhanu\OneDrive\Desktop\NEXADEW\Nexadew-Landing-Page\nexadew\src\components\Home\Home.jsx">
        <metrics statements="3" coveredstatements="3" conditionals="0" coveredconditionals="0" methods="3" coveredmethods="3"/>
        <line num="6" count="4" type="stmt"/>
        <line num="29" count="1" type="stmt"/>
        <line num="44" count="24" type="stmt"/>
      </file>
    </package>
    <package name="Navbar">
      <metrics statements="14" coveredstatements="13" conditionals="4" coveredconditionals="4" methods="8" coveredmethods="7"/>
      <file name="Navbar.jsx" path="C:\Users\dhanu\OneDrive\Desktop\NEXADEW\Nexadew-Landing-Page\nexadew\src\components\Navbar\Navbar.jsx">
        <metrics statements="14" coveredstatements="13" conditionals="4" coveredconditionals="4" methods="8" coveredmethods="7"/>
        <line num="11" count="17" type="stmt"/>
        <line num="13" count="17" type="stmt"/>
        <line num="48" count="0" type="stmt"/>
        <line num="55" count="6" type="stmt"/>
        <line num="73" count="1" type="stmt"/>
        <line num="74" count="1" type="stmt"/>
        <line num="77" count="1" type="stmt"/>
        <line num="78" count="1" type="stmt"/>
        <line num="81" count="1" type="stmt"/>
        <line num="82" count="1" type="stmt"/>
        <line num="85" count="1" type="stmt"/>
        <line num="86" count="1" type="stmt"/>
        <line num="97" count="1" type="stmt"/>
        <line num="98" count="1" type="stmt"/>
      </file>
    </package>
    <package name="Navlinks">
      <metrics statements="2" coveredstatements="2" conditionals="2" coveredconditionals="2" methods="1" coveredmethods="1"/>
      <file name="Navlinks.jsx" path="C:\Users\dhanu\OneDrive\Desktop\NEXADEW\Nexadew-Landing-Page\nexadew\src\components\Navlinks\Navlinks.jsx">
        <metrics statements="2" coveredstatements="2" conditionals="2" coveredconditionals="2" methods="1" coveredmethods="1"/>
        <line num="10" count="27" type="stmt"/>
        <line num="12" count="27" type="stmt"/>
      </file>
    </package>
    <package name="Services">
      <metrics statements="1" coveredstatements="1" conditionals="0" coveredconditionals="0" methods="1" coveredmethods="1"/>
      <file name="Services.jsx" path="C:\Users\dhanu\OneDrive\Desktop\NEXADEW\Nexadew-Landing-Page\nexadew\src\components\Services\Services.jsx">
        <metrics statements="1" coveredstatements="1" conditionals="0" coveredconditionals="0" methods="1" coveredmethods="1"/>
        <line num="6" count="2" type="stmt"/>
      </file>
    </package>
  </project>
</coverage>
