<?xml version="1.0" encoding="UTF-8"?>
<coverage generated="1749450529948" clover="3.2.0">
  <project timestamp="1749450529948" name="All files">
    <metrics statements="20" coveredstatements="19" conditionals="15" coveredconditionals="15" methods="13" coveredmethods="12" elements="48" coveredelements="46" complexity="0" loc="20" ncloc="20" packages="4" files="4" classes="4"/>
    <package name="Button">
      <metrics statements="1" coveredstatements="1" conditionals="9" coveredconditionals="9" methods="1" coveredmethods="1"/>
      <file name="Button.jsx" path="C:\Users\dhanu\OneDrive\Desktop\NEXADEW\Nexadew-Landing-Page\nexadew\src\components\Button\Button.jsx">
        <metrics statements="1" coveredstatements="1" conditionals="9" coveredconditionals="9" methods="1" coveredmethods="1"/>
        <line num="15" count="30" type="stmt"/>
      </file>
    </package>
    <package name="Home">
      <metrics statements="3" coveredstatements="3" conditionals="0" coveredconditionals="0" methods="3" coveredmethods="3"/>
      <file name="Home.jsx" path="C:\Users\dhanu\OneDrive\Desktop\NEXADEW\Nexadew-Landing-Page\nexadew\src\components\Home\Home.jsx">
        <metrics statements="3" coveredstatements="3" conditionals="0" coveredconditionals="0" methods="3" coveredmethods="3"/>
        <line num="5" count="4" type="stmt"/>
        <line num="25" count="1" type="stmt"/>
        <line num="39" count="24" type="stmt"/>
      </file>
    </package>
    <package name="Navbar">
      <metrics statements="14" coveredstatements="13" conditionals="4" coveredconditionals="4" methods="8" coveredmethods="7"/>
      <file name="Navbar.jsx" path="C:\Users\dhanu\OneDrive\Desktop\NEXADEW\Nexadew-Landing-Page\nexadew\src\components\Navbar\Navbar.jsx">
        <metrics statements="14" coveredstatements="13" conditionals="4" coveredconditionals="4" methods="8" coveredmethods="7"/>
        <line num="11" count="17" type="stmt"/>
        <line num="13" count="17" type="stmt"/>
        <line num="48" count="0" type="stmt"/>
        <line num="55" count="6" type="stmt"/>
        <line num="73" count="1" type="stmt"/>
        <line num="74" count="1" type="stmt"/>
        <line num="77" count="1" type="stmt"/>
        <line num="78" count="1" type="stmt"/>
        <line num="81" count="1" type="stmt"/>
        <line num="82" count="1" type="stmt"/>
        <line num="85" count="1" type="stmt"/>
        <line num="86" count="1" type="stmt"/>
        <line num="97" count="1" type="stmt"/>
        <line num="98" count="1" type="stmt"/>
      </file>
    </package>
    <package name="Navlinks">
      <metrics statements="2" coveredstatements="2" conditionals="2" coveredconditionals="2" methods="1" coveredmethods="1"/>
      <file name="Navlinks.jsx" path="C:\Users\dhanu\OneDrive\Desktop\NEXADEW\Nexadew-Landing-Page\nexadew\src\components\Navlinks\Navlinks.jsx">
        <metrics statements="2" coveredstatements="2" conditionals="2" coveredconditionals="2" methods="1" coveredmethods="1"/>
        <line num="4" count="27" type="stmt"/>
        <line num="6" count="27" type="stmt"/>
      </file>
    </package>
  </project>
</coverage>
