{"C:\\Users\\aksha\\OneDrive\\Desktop\\dhanush\\Nexadew-Landing-Page\\nexadew\\src\\components\\About\\About.jsx": {"path":"C:\\Users\\aksha\\OneDrive\\Desktop\\dhanush\\Nexadew-Landing-Page\\nexadew\\src\\components\\About\\About.jsx","statementMap":{"0":{"start":{"line":5,"column":2},"end":{"line":15,"column":4}}},"fnMap":{"0":{"name":"AboutUs","decl":{"start":{"line":4,"column":9},"end":{"line":4,"column":16}},"loc":{"start":{"line":4,"column":19},"end":{"line":16,"column":1}},"line":4}},"branchMap":{},"s":{"0":2},"f":{"0":2},"b":{},"_coverageSchema":"1a1c01bbd47fc00a2c39e90264f33305004495a9","hash":"b7d08396677337e098cf32bc21f0d435ac5791f0"}
,"C:\\Users\\aksha\\OneDrive\\Desktop\\dhanush\\Nexadew-Landing-Page\\nexadew\\src\\components\\Button\\Button.jsx": {"path":"C:\\Users\\aksha\\OneDrive\\Desktop\\dhanush\\Nexadew-Landing-Page\\nexadew\\src\\components\\Button\\Button.jsx","statementMap":{"0":{"start":{"line":15,"column":2},"end":{"line":25,"column":4}}},"fnMap":{"0":{"name":"Button","decl":{"start":{"line":3,"column":9},"end":{"line":3,"column":15}},"loc":{"start":{"line":14,"column":3},"end":{"line":26,"column":1}},"line":14}},"branchMap":{"0":{"loc":{"start":{"line":6,"column":2},"end":{"line":6,"column":25}},"type":"default-arg","locations":[{"start":{"line":6,"column":12},"end":{"line":6,"column":25}}],"line":6},"1":{"loc":{"start":{"line":7,"column":2},"end":{"line":7,"column":26}},"type":"default-arg","locations":[{"start":{"line":7,"column":14},"end":{"line":7,"column":26}}],"line":7},"2":{"loc":{"start":{"line":8,"column":2},"end":{"line":8,"column":18}},"type":"default-arg","locations":[{"start":{"line":8,"column":10},"end":{"line":8,"column":18}}],"line":8},"3":{"loc":{"start":{"line":9,"column":2},"end":{"line":9,"column":19}},"type":"default-arg","locations":[{"start":{"line":9,"column":11},"end":{"line":9,"column":19}}],"line":9},"4":{"loc":{"start":{"line":10,"column":2},"end":{"line":10,"column":29}},"type":"default-arg","locations":[{"start":{"line":10,"column":17},"end":{"line":10,"column":29}}],"line":10},"5":{"loc":{"start":{"line":11,"column":2},"end":{"line":11,"column":13}},"type":"default-arg","locations":[{"start":{"line":11,"column":11},"end":{"line":11,"column":13}}],"line":11},"6":{"loc":{"start":{"line":12,"column":2},"end":{"line":12,"column":18}},"type":"default-arg","locations":[{"start":{"line":12,"column":16},"end":{"line":12,"column":18}}],"line":12},"7":{"loc":{"start":{"line":20,"column":7},"end":{"line":22,"column":7}},"type":"binary-expr","locations":[{"start":{"line":20,"column":7},"end":{"line":20,"column":11}},{"start":{"line":21,"column":8},"end":{"line":21,"column":76}}],"line":20}},"s":{"0":32},"f":{"0":32},"b":{"0":[3],"1":[3],"2":[3],"3":[3],"4":[3],"5":[13],"6":[9],"7":[32,1]},"_coverageSchema":"1a1c01bbd47fc00a2c39e90264f33305004495a9","hash":"24cb01d26699868e9cc5ecd0d28b4cd586c6451d"}
,"C:\\Users\\aksha\\OneDrive\\Desktop\\dhanush\\Nexadew-Landing-Page\\nexadew\\src\\components\\Card\\Card.jsx": {"path":"C:\\Users\\aksha\\OneDrive\\Desktop\\dhanush\\Nexadew-Landing-Page\\nexadew\\src\\components\\Card\\Card.jsx","statementMap":{"0":{"start":{"line":5,"column":4},"end":{"line":5,"column":93}},"1":{"start":{"line":7,"column":2},"end":{"line":18,"column":3}},"2":{"start":{"line":8,"column":4},"end":{"line":17,"column":6}},"3":{"start":{"line":20,"column":2},"end":{"line":30,"column":3}},"4":{"start":{"line":21,"column":4},"end":{"line":29,"column":6}},"5":{"start":{"line":32,"column":2},"end":{"line":76,"column":3}},"6":{"start":{"line":33,"column":22},"end":{"line":33,"column":63}},"7":{"start":{"line":35,"column":4},"end":{"line":75,"column":6}},"8":{"start":{"line":78,"column":2},"end":{"line":78,"column":14}}},"fnMap":{"0":{"name":"Card","decl":{"start":{"line":3,"column":9},"end":{"line":3,"column":13}},"loc":{"start":{"line":3,"column":56},"end":{"line":79,"column":1}},"line":3}},"branchMap":{"0":{"loc":{"start":{"line":7,"column":2},"end":{"line":18,"column":3}},"type":"if","locations":[{"start":{"line":7,"column":2},"end":{"line":18,"column":3}},{"start":{},"end":{}}],"line":7},"1":{"loc":{"start":{"line":20,"column":2},"end":{"line":30,"column":3}},"type":"if","locations":[{"start":{"line":20,"column":2},"end":{"line":30,"column":3}},{"start":{},"end":{}}],"line":20},"2":{"loc":{"start":{"line":32,"column":2},"end":{"line":76,"column":3}},"type":"if","locations":[{"start":{"line":32,"column":2},"end":{"line":76,"column":3}},{"start":{},"end":{}}],"line":32},"3":{"loc":{"start":{"line":42,"column":14},"end":{"line":42,"column":57}},"type":"cond-expr","locations":[{"start":{"line":42,"column":26},"end":{"line":42,"column":40}},{"start":{"line":42,"column":43},"end":{"line":42,"column":57}}],"line":42},"4":{"loc":{"start":{"line":51,"column":14},"end":{"line":51,"column":57}},"type":"cond-expr","locations":[{"start":{"line":51,"column":26},"end":{"line":51,"column":40}},{"start":{"line":51,"column":43},"end":{"line":51,"column":57}}],"line":51}},"s":{"0":19,"1":19,"2":3,"3":16,"4":10,"5":6,"6":5,"7":5,"8":1},"f":{"0":19},"b":{"0":[3,16],"1":[10,6],"2":[5,1],"3":[2,3],"4":[2,3]},"_coverageSchema":"1a1c01bbd47fc00a2c39e90264f33305004495a9","hash":"8f54a897c862ac282b89c758d0c3cb36e7080aac"}
,"C:\\Users\\aksha\\OneDrive\\Desktop\\dhanush\\Nexadew-Landing-Page\\nexadew\\src\\components\\Contact\\Contact.jsx": {"path":"C:\\Users\\aksha\\OneDrive\\Desktop\\dhanush\\Nexadew-Landing-Page\\nexadew\\src\\components\\Contact\\Contact.jsx","statementMap":{"0":{"start":{"line":6,"column":16},"end":{"line":181,"column":1}},"1":{"start":{"line":7,"column":34},"end":{"line":13,"column":4}},"2":{"start":{"line":14,"column":30},"end":{"line":14,"column":42}},"3":{"start":{"line":16,"column":23},"end":{"line":18,"column":3}},"4":{"start":{"line":17,"column":4},"end":{"line":17,"column":66}},"5":{"start":{"line":20,"column":23},"end":{"line":44,"column":3}},"6":{"start":{"line":21,"column":4},"end":{"line":21,"column":23}},"7":{"start":{"line":23,"column":16},"end":{"line":30,"column":6}},"8":{"start":{"line":32,"column":4},"end":{"line":43,"column":5}},"9":{"start":{"line":33,"column":6},"end":{"line":33,"column":46}},"10":{"start":{"line":34,"column":6},"end":{"line":40,"column":9}},"11":{"start":{"line":42,"column":6},"end":{"line":42,"column":60}},"12":{"start":{"line":46,"column":2},"end":{"line":180,"column":4}}},"fnMap":{"0":{"name":"(anonymous_0)","decl":{"start":{"line":6,"column":16},"end":{"line":6,"column":17}},"loc":{"start":{"line":6,"column":22},"end":{"line":181,"column":1}},"line":6},"1":{"name":"(anonymous_1)","decl":{"start":{"line":16,"column":23},"end":{"line":16,"column":24}},"loc":{"start":{"line":16,"column":30},"end":{"line":18,"column":3}},"line":16},"2":{"name":"(anonymous_2)","decl":{"start":{"line":20,"column":23},"end":{"line":20,"column":24}},"loc":{"start":{"line":20,"column":36},"end":{"line":44,"column":3}},"line":20}},"branchMap":{"0":{"loc":{"start":{"line":32,"column":4},"end":{"line":43,"column":5}},"type":"if","locations":[{"start":{"line":32,"column":4},"end":{"line":43,"column":5}},{"start":{"line":41,"column":11},"end":{"line":43,"column":5}}],"line":32},"1":{"loc":{"start":{"line":164,"column":15},"end":{"line":174,"column":15}},"type":"binary-expr","locations":[{"start":{"line":164,"column":15},"end":{"line":164,"column":21}},{"start":{"line":165,"column":16},"end":{"line":173,"column":20}}],"line":164},"2":{"loc":{"start":{"line":167,"column":20},"end":{"line":169,"column":38}},"type":"cond-expr","locations":[{"start":{"line":168,"column":24},"end":{"line":168,"column":40}},{"start":{"line":169,"column":24},"end":{"line":169,"column":38}}],"line":167}},"s":{"0":1,"1":21,"2":21,"3":21,"4":15,"5":21,"6":2,"7":2,"8":2,"9":1,"10":1,"11":1,"12":21},"f":{"0":21,"1":15,"2":2},"b":{"0":[1,1],"1":[21,2],"2":[1,1]},"_coverageSchema":"1a1c01bbd47fc00a2c39e90264f33305004495a9","hash":"951e8aa0c97d3b0f3d531cd4c0781e5effc18ef5"}
,"C:\\Users\\aksha\\OneDrive\\Desktop\\dhanush\\Nexadew-Landing-Page\\nexadew\\src\\components\\Footer\\Footer.jsx": {"path":"C:\\Users\\aksha\\OneDrive\\Desktop\\dhanush\\Nexadew-Landing-Page\\nexadew\\src\\components\\Footer\\Footer.jsx","statementMap":{"0":{"start":{"line":4,"column":2},"end":{"line":16,"column":4}}},"fnMap":{"0":{"name":"Footer","decl":{"start":{"line":3,"column":9},"end":{"line":3,"column":15}},"loc":{"start":{"line":3,"column":18},"end":{"line":17,"column":1}},"line":3}},"branchMap":{},"s":{"0":2},"f":{"0":2},"b":{},"_coverageSchema":"1a1c01bbd47fc00a2c39e90264f33305004495a9","hash":"80ea5af7233c50c524cd82a2b1e870d6cb0fd9fb"}
,"C:\\Users\\aksha\\OneDrive\\Desktop\\dhanush\\Nexadew-Landing-Page\\nexadew\\src\\components\\Home\\Home.jsx": {"path":"C:\\Users\\aksha\\OneDrive\\Desktop\\dhanush\\Nexadew-Landing-Page\\nexadew\\src\\components\\Home\\Home.jsx","statementMap":{"0":{"start":{"line":11,"column":2},"end":{"line":72,"column":4}},"1":{"start":{"line":35,"column":27},"end":{"line":35,"column":61}},"2":{"start":{"line":36,"column":4},"end":{"line":38,"column":5}},"3":{"start":{"line":37,"column":6},"end":{"line":37,"column":60}},"4":{"start":{"line":55,"column":6},"end":{"line":65,"column":12}}},"fnMap":{"0":{"name":"Home","decl":{"start":{"line":10,"column":9},"end":{"line":10,"column":13}},"loc":{"start":{"line":10,"column":16},"end":{"line":73,"column":1}},"line":10},"1":{"name":"(anonymous_1)","decl":{"start":{"line":34,"column":11},"end":{"line":34,"column":12}},"loc":{"start":{"line":34,"column":17},"end":{"line":39,"column":3}},"line":34},"2":{"name":"(anonymous_2)","decl":{"start":{"line":54,"column":106},"end":{"line":54,"column":107}},"loc":{"start":{"line":55,"column":6},"end":{"line":65,"column":12}},"line":55}},"branchMap":{"0":{"loc":{"start":{"line":36,"column":4},"end":{"line":38,"column":5}},"type":"if","locations":[{"start":{"line":36,"column":4},"end":{"line":38,"column":5}},{"start":{},"end":{}}],"line":36}},"s":{"0":4,"1":2,"2":2,"3":1,"4":28},"f":{"0":4,"1":2,"2":28},"b":{"0":[1,1]},"_coverageSchema":"1a1c01bbd47fc00a2c39e90264f33305004495a9","hash":"7b0e98786afc259318e5b1e1f2861d7004d1c323"}
,"C:\\Users\\aksha\\OneDrive\\Desktop\\dhanush\\Nexadew-Landing-Page\\nexadew\\src\\components\\InputComponent\\InputComponent.jsx": {"path":"C:\\Users\\aksha\\OneDrive\\Desktop\\dhanush\\Nexadew-Landing-Page\\nexadew\\src\\components\\InputComponent\\InputComponent.jsx","statementMap":{"0":{"start":{"line":3,"column":23},"end":{"line":34,"column":1}},"1":{"start":{"line":11,"column":2},"end":{"line":33,"column":4}}},"fnMap":{"0":{"name":"(anonymous_0)","decl":{"start":{"line":3,"column":23},"end":{"line":3,"column":24}},"loc":{"start":{"line":10,"column":6},"end":{"line":34,"column":1}},"line":10}},"branchMap":{"0":{"loc":{"start":{"line":5,"column":2},"end":{"line":5,"column":15}},"type":"default-arg","locations":[{"start":{"line":5,"column":9},"end":{"line":5,"column":15}}],"line":5},"1":{"loc":{"start":{"line":9,"column":2},"end":{"line":9,"column":14}},"type":"default-arg","locations":[{"start":{"line":9,"column":9},"end":{"line":9,"column":14}}],"line":9},"2":{"loc":{"start":{"line":15,"column":53},"end":{"line":15,"column":90}},"type":"cond-expr","locations":[{"start":{"line":15,"column":60},"end":{"line":15,"column":72}},{"start":{"line":15,"column":75},"end":{"line":15,"column":90}}],"line":15},"3":{"loc":{"start":{"line":26,"column":10},"end":{"line":28,"column":51}},"type":"cond-expr","locations":[{"start":{"line":27,"column":14},"end":{"line":27,"column":72}},{"start":{"line":28,"column":14},"end":{"line":28,"column":51}}],"line":26}},"s":{"0":2,"1":87},"f":{"0":87},"b":{"0":[45],"1":[2],"2":[85,2],"3":[85,2]},"_coverageSchema":"1a1c01bbd47fc00a2c39e90264f33305004495a9","hash":"97d8b4ad34c27d3a6a75d447bec358a59ca38c43"}
,"C:\\Users\\aksha\\OneDrive\\Desktop\\dhanush\\Nexadew-Landing-Page\\nexadew\\src\\components\\Navbar\\Navbar.jsx": {"path":"C:\\Users\\aksha\\OneDrive\\Desktop\\dhanush\\Nexadew-Landing-Page\\nexadew\\src\\components\\Navbar\\Navbar.jsx","statementMap":{"0":{"start":{"line":11,"column":50},"end":{"line":11,"column":65}},"1":{"start":{"line":13,"column":2},"end":{"line":109,"column":4}},"2":{"start":{"line":49,"column":37},"end":{"line":49,"column":71}},"3":{"start":{"line":50,"column":14},"end":{"line":52,"column":15}},"4":{"start":{"line":51,"column":16},"end":{"line":51,"column":70}},"5":{"start":{"line":60,"column":27},"end":{"line":60,"column":65}},"6":{"start":{"line":78,"column":14},"end":{"line":78,"column":28}},"7":{"start":{"line":79,"column":14},"end":{"line":79,"column":41}},"8":{"start":{"line":82,"column":14},"end":{"line":82,"column":32}},"9":{"start":{"line":83,"column":14},"end":{"line":83,"column":41}},"10":{"start":{"line":86,"column":14},"end":{"line":86,"column":32}},"11":{"start":{"line":87,"column":14},"end":{"line":87,"column":41}},"12":{"start":{"line":90,"column":14},"end":{"line":90,"column":31}},"13":{"start":{"line":91,"column":14},"end":{"line":91,"column":41}},"14":{"start":{"line":102,"column":14},"end":{"line":102,"column":39}},"15":{"start":{"line":103,"column":14},"end":{"line":103,"column":41}}},"fnMap":{"0":{"name":"Navbar","decl":{"start":{"line":5,"column":9},"end":{"line":5,"column":15}},"loc":{"start":{"line":10,"column":3},"end":{"line":110,"column":1}},"line":10},"1":{"name":"(anonymous_1)","decl":{"start":{"line":48,"column":21},"end":{"line":48,"column":22}},"loc":{"start":{"line":48,"column":27},"end":{"line":53,"column":13}},"line":48},"2":{"name":"(anonymous_2)","decl":{"start":{"line":60,"column":21},"end":{"line":60,"column":22}},"loc":{"start":{"line":60,"column":27},"end":{"line":60,"column":65}},"line":60},"3":{"name":"(anonymous_3)","decl":{"start":{"line":77,"column":25},"end":{"line":77,"column":26}},"loc":{"start":{"line":77,"column":31},"end":{"line":80,"column":13}},"line":77},"4":{"name":"(anonymous_4)","decl":{"start":{"line":81,"column":29},"end":{"line":81,"column":30}},"loc":{"start":{"line":81,"column":35},"end":{"line":84,"column":13}},"line":81},"5":{"name":"(anonymous_5)","decl":{"start":{"line":85,"column":29},"end":{"line":85,"column":30}},"loc":{"start":{"line":85,"column":35},"end":{"line":88,"column":13}},"line":85},"6":{"name":"(anonymous_6)","decl":{"start":{"line":89,"column":28},"end":{"line":89,"column":29}},"loc":{"start":{"line":89,"column":34},"end":{"line":92,"column":13}},"line":89},"7":{"name":"(anonymous_7)","decl":{"start":{"line":101,"column":21},"end":{"line":101,"column":22}},"loc":{"start":{"line":101,"column":27},"end":{"line":104,"column":13}},"line":101}},"branchMap":{"0":{"loc":{"start":{"line":50,"column":14},"end":{"line":52,"column":15}},"type":"if","locations":[{"start":{"line":50,"column":14},"end":{"line":52,"column":15}},{"start":{},"end":{}}],"line":50},"1":{"loc":{"start":{"line":64,"column":13},"end":{"line":64,"column":41}},"type":"cond-expr","locations":[{"start":{"line":64,"column":32},"end":{"line":64,"column":35}},{"start":{"line":64,"column":38},"end":{"line":64,"column":41}}],"line":64},"2":{"loc":{"start":{"line":70,"column":7},"end":{"line":107,"column":7}},"type":"binary-expr","locations":[{"start":{"line":70,"column":7},"end":{"line":70,"column":23}},{"start":{"line":71,"column":8},"end":{"line":106,"column":14}}],"line":70}},"s":{"0":19,"1":19,"2":2,"3":2,"4":1,"5":6,"6":1,"7":1,"8":1,"9":1,"10":1,"11":1,"12":1,"13":1,"14":1,"15":1},"f":{"0":19,"1":2,"2":6,"3":1,"4":1,"5":1,"6":1,"7":1},"b":{"0":[1,1],"1":[6,13],"2":[19,6]},"_coverageSchema":"1a1c01bbd47fc00a2c39e90264f33305004495a9","hash":"06fec5a1e6345f034ca8e8822df5a906b3840e91"}
,"C:\\Users\\aksha\\OneDrive\\Desktop\\dhanush\\Nexadew-Landing-Page\\nexadew\\src\\components\\Navlinks\\Navlinks.jsx": {"path":"C:\\Users\\aksha\\OneDrive\\Desktop\\dhanush\\Nexadew-Landing-Page\\nexadew\\src\\components\\Navlinks\\Navlinks.jsx","statementMap":{"0":{"start":{"line":10,"column":20},"end":{"line":10,"column":52}},"1":{"start":{"line":12,"column":2},"end":{"line":29,"column":4}}},"fnMap":{"0":{"name":"Navlinks","decl":{"start":{"line":3,"column":9},"end":{"line":3,"column":17}},"loc":{"start":{"line":9,"column":3},"end":{"line":30,"column":1}},"line":9}},"branchMap":{"0":{"loc":{"start":{"line":14,"column":25},"end":{"line":14,"column":79}},"type":"cond-expr","locations":[{"start":{"line":14,"column":36},"end":{"line":14,"column":56}},{"start":{"line":14,"column":59},"end":{"line":14,"column":79}}],"line":14}},"s":{"0":29,"1":29},"f":{"0":29},"b":{"0":[7,22]},"_coverageSchema":"1a1c01bbd47fc00a2c39e90264f33305004495a9","hash":"74236f8f304a6b8bdfba366398bbc424c9c9fb31"}
,"C:\\Users\\aksha\\OneDrive\\Desktop\\dhanush\\Nexadew-Landing-Page\\nexadew\\src\\components\\Project\\Project.jsx": {"path":"C:\\Users\\aksha\\OneDrive\\Desktop\\dhanush\\Nexadew-Landing-Page\\nexadew\\src\\components\\Project\\Project.jsx","statementMap":{"0":{"start":{"line":5,"column":2},"end":{"line":23,"column":4}}},"fnMap":{"0":{"name":"Projects","decl":{"start":{"line":4,"column":9},"end":{"line":4,"column":17}},"loc":{"start":{"line":4,"column":20},"end":{"line":24,"column":1}},"line":4}},"branchMap":{},"s":{"0":2},"f":{"0":2},"b":{},"_coverageSchema":"1a1c01bbd47fc00a2c39e90264f33305004495a9","hash":"88a0ac8e62289f8e337cd60c66381f857bb0aec7"}
,"C:\\Users\\aksha\\OneDrive\\Desktop\\dhanush\\Nexadew-Landing-Page\\nexadew\\src\\components\\Services\\Services.jsx": {"path":"C:\\Users\\aksha\\OneDrive\\Desktop\\dhanush\\Nexadew-Landing-Page\\nexadew\\src\\components\\Services\\Services.jsx","statementMap":{"0":{"start":{"line":6,"column":2},"end":{"line":59,"column":4}}},"fnMap":{"0":{"name":"Services","decl":{"start":{"line":5,"column":9},"end":{"line":5,"column":17}},"loc":{"start":{"line":5,"column":20},"end":{"line":60,"column":1}},"line":5}},"branchMap":{},"s":{"0":3},"f":{"0":3},"b":{},"_coverageSchema":"1a1c01bbd47fc00a2c39e90264f33305004495a9","hash":"4dce3e183011a3171d419b28389c23f0eacc396f"}
}
