TN:
SF:src\components\About\About.jsx
FN:4,AboutUs
FNF:1
FNH:1
FNDA:2,AboutUs
DA:5,2
LF:1
LH:1
BRF:0
BRH:0
end_of_record
TN:
SF:src\components\Button\Button.jsx
FN:3,Button
FNF:1
FNH:1
FNDA:32,Button
DA:15,32
LF:1
LH:1
BRDA:6,0,0,3
BRDA:7,1,0,3
BRDA:8,2,0,3
BRDA:9,3,0,3
BRDA:10,4,0,3
BRDA:11,5,0,13
BRDA:12,6,0,9
BRDA:20,7,0,32
BRDA:20,7,1,1
BRF:9
BRH:9
end_of_record
TN:
SF:src\components\Card\Card.jsx
FN:3,Card
FNF:1
FNH:1
FNDA:19,Card
DA:5,19
DA:7,19
DA:8,3
DA:20,16
DA:21,10
DA:32,6
DA:33,5
DA:35,5
DA:85,1
LF:9
LH:9
BRDA:7,0,0,3
BRDA:7,0,1,16
BRDA:20,1,0,10
BRDA:20,1,1,6
BRDA:32,2,0,5
BRDA:32,2,1,1
BRDA:42,3,0,2
BRDA:42,3,1,3
BRDA:51,4,0,2
BRDA:51,4,1,3
BRDA:69,5,0,5
BRDA:69,5,1,1
BRDA:76,6,0,5
BRDA:76,6,1,1
BRF:14
BRH:14
end_of_record
TN:
SF:src\components\Contact\Contact.jsx
FN:6,(anonymous_0)
FN:16,(anonymous_1)
FN:20,(anonymous_2)
FNF:3
FNH:3
FNDA:21,(anonymous_0)
FNDA:15,(anonymous_1)
FNDA:2,(anonymous_2)
DA:6,1
DA:7,21
DA:14,21
DA:16,21
DA:17,15
DA:20,21
DA:21,2
DA:23,2
DA:32,2
DA:33,1
DA:34,1
DA:42,1
DA:46,21
LF:13
LH:13
BRDA:32,0,0,1
BRDA:32,0,1,1
BRDA:164,1,0,21
BRDA:164,1,1,2
BRDA:167,2,0,1
BRDA:167,2,1,1
BRF:6
BRH:6
end_of_record
TN:
SF:src\components\Footer\Footer.jsx
FN:3,Footer
FNF:1
FNH:1
FNDA:2,Footer
DA:4,2
LF:1
LH:1
BRF:0
BRH:0
end_of_record
TN:
SF:src\components\Home\Home.jsx
FN:21,Home
FN:44,(anonymous_1)
FN:66,(anonymous_2)
FNF:3
FNH:3
FNDA:4,Home
FNDA:2,(anonymous_1)
FNDA:28,(anonymous_2)
DA:11,1
DA:22,4
DA:45,2
DA:46,2
DA:47,1
DA:67,28
LF:6
LH:6
BRDA:46,0,0,1
BRDA:46,0,1,1
BRF:2
BRH:2
end_of_record
TN:
SF:src\components\InputComponent\InputComponent.jsx
FN:3,(anonymous_0)
FNF:1
FNH:1
FNDA:87,(anonymous_0)
DA:3,2
DA:11,87
LF:2
LH:2
BRDA:5,0,0,45
BRDA:9,1,0,2
BRDA:15,2,0,85
BRDA:15,2,1,2
BRDA:26,3,0,85
BRDA:26,3,1,2
BRF:6
BRH:6
end_of_record
TN:
SF:src\components\Navbar\Navbar.jsx
FN:5,Navbar
FN:48,(anonymous_1)
FN:60,(anonymous_2)
FN:77,(anonymous_3)
FN:81,(anonymous_4)
FN:85,(anonymous_5)
FN:89,(anonymous_6)
FN:101,(anonymous_7)
FNF:8
FNH:8
FNDA:19,Navbar
FNDA:2,(anonymous_1)
FNDA:6,(anonymous_2)
FNDA:1,(anonymous_3)
FNDA:1,(anonymous_4)
FNDA:1,(anonymous_5)
FNDA:1,(anonymous_6)
FNDA:1,(anonymous_7)
DA:11,19
DA:13,19
DA:49,2
DA:50,2
DA:51,1
DA:60,6
DA:78,1
DA:79,1
DA:82,1
DA:83,1
DA:86,1
DA:87,1
DA:90,1
DA:91,1
DA:102,1
DA:103,1
LF:16
LH:16
BRDA:50,0,0,1
BRDA:50,0,1,1
BRDA:64,1,0,6
BRDA:64,1,1,13
BRDA:70,2,0,19
BRDA:70,2,1,6
BRF:6
BRH:6
end_of_record
TN:
SF:src\components\Navlinks\Navlinks.jsx
FN:3,Navlinks
FNF:1
FNH:1
FNDA:29,Navlinks
DA:10,29
DA:12,29
LF:2
LH:2
BRDA:14,0,0,7
BRDA:14,0,1,22
BRF:2
BRH:2
end_of_record
TN:
SF:src\components\Project\Project.jsx
FN:4,Projects
FNF:1
FNH:1
FNDA:2,Projects
DA:5,2
LF:1
LH:1
BRF:0
BRH:0
end_of_record
TN:
SF:src\components\Services\Services.jsx
FN:5,Services
FNF:1
FNH:1
FNDA:3,Services
DA:6,3
LF:1
LH:1
BRF:0
BRH:0
end_of_record
