TN:
SF:src\components\About\About.jsx
FN:4,AboutUs
FNF:1
FNH:1
FNDA:2,AboutUs
DA:5,2
LF:1
LH:1
BRF:0
BRH:0
end_of_record
TN:
SF:src\components\Button\Button.jsx
FN:3,Button
FNF:1
FNH:1
FNDA:30,Button
DA:15,30
LF:1
LH:1
BRDA:6,0,0,3
BRDA:7,1,0,3
BRDA:8,2,0,3
BRDA:9,3,0,3
BRDA:10,4,0,3
BRDA:11,5,0,13
BRDA:12,6,0,9
BRDA:20,7,0,30
BRDA:20,7,1,1
BRF:9
BRH:9
end_of_record
TN:
SF:src\components\Card\Card.jsx
FN:3,Card
FNF:1
FNH:1
FNDA:12,Card
DA:4,12
DA:6,12
DA:7,3
DA:14,9
DA:15,7
DA:26,2
DA:27,1
DA:47,1
LF:8
LH:8
BRDA:6,0,0,3
BRDA:6,0,1,9
BRDA:14,1,0,7
BRDA:14,1,1,2
BRDA:26,2,0,1
BRDA:26,2,1,1
BRF:6
BRH:6
end_of_record
TN:
SF:src\components\Card\Card.jsx
FN:3,Card
FNF:1
FNH:1
FNDA:10,Card
DA:5,10
DA:7,10
DA:8,1
DA:15,9
DA:16,7
DA:31,2
DA:32,1
DA:57,1
LF:8
LH:8
BRDA:7,0,0,1
BRDA:7,0,1,9
BRDA:15,1,0,7
BRDA:15,1,1,2
BRDA:31,2,0,1
BRDA:31,2,1,1
BRF:6
BRH:6
end_of_record
TN:
SF:src\components\Home\Home.jsx
FN:5,Home
FN:29,(anonymous_1)
FN:43,(anonymous_2)
FNF:3
FNH:3
FNDA:4,Home
FNDA:1,(anonymous_1)
FNDA:24,(anonymous_2)
DA:6,4
DA:29,1
DA:44,24
LF:3
LH:3
BRF:0
BRH:0
end_of_record

TN:
SF:src\components\Navbar\Navbar.jsx
FN:5,Navbar
FN:48,(anonymous_1)
FN:55,(anonymous_2)
FN:72,(anonymous_3)
FN:76,(anonymous_4)
FN:80,(anonymous_5)
FN:84,(anonymous_6)
FN:96,(anonymous_7)
FNF:8
FNH:7
FNDA:17,Navbar
FNDA:0,(anonymous_1)
FNDA:6,(anonymous_2)
FNDA:1,(anonymous_3)
FNDA:1,(anonymous_4)
FNDA:1,(anonymous_5)
FNDA:1,(anonymous_6)
FNDA:1,(anonymous_7)
DA:11,17
DA:13,17
DA:48,0
DA:55,6
DA:73,1
DA:74,1
DA:77,1
DA:78,1
DA:81,1
DA:82,1
DA:85,1
DA:86,1
DA:97,1
DA:98,1
LF:14
LH:13
BRDA:59,0,0,6
BRDA:59,0,1,11
BRDA:65,1,0,17
BRDA:65,1,1,6
BRF:4
BRH:4
end_of_record
TN:
SF:src\components\Navlinks\Navlinks.jsx
FN:3,Navlinks
FNF:1
FNH:1
FNDA:27,Navlinks

DA:10,27
DA:12,27
LF:2
LH:2
BRDA:14,0,0,7
BRDA:14,0,1,20

BRF:2
BRH:2
end_of_record
TN:
SF:src\components\Services\Services.jsx
FN:5,Services
FNF:1
FNH:1
FNDA:2,Services
DA:6,2
LF:1
LH:1
BRF:0
BRH:0
end_of_record

